<?xml version="1.0" encoding="UTF-8"?>
<!-- Generated by org.testng.reporters.JUnitReportReporter -->
<testsuite hostname="DESKTOP-FVS46NS" name="com.inetbanking.testCases.TC_editCustomerTest_004" tests="1" failures="0" timestamp="19 May 2022 04:14:35 GMT" time="24.599" errors="0">
  <testcase name="editCustomer" time="24.599" classname="com.inetbanking.testCases.TC_editCustomerTest_004"/>
</testsuite> <!-- com.inetbanking.testCases.TC_editCustomerTest_004 -->
