<?xml version="1.0" encoding="UTF-8"?>
<!-- Generated by org.testng.reporters.JUnitReportReporter -->
<testsuite hostname="DESKTOP-FVS46NS" name="com.inetbanking.testCases.TC_deleteCustomerTest_005" tests="1" failures="0" timestamp="19 May 2022 04:14:35 GMT" time="12.122" errors="0">
  <testcase name="deleteCustomerTest" time="12.122" classname="com.inetbanking.testCases.TC_deleteCustomerTest_005"/>
</testsuite> <!-- com.inetbanking.testCases.TC_deleteCustomerTest_005 -->
