<?xml version="1.0" encoding="UTF-8"?>
<!-- Generated by org.testng.reporters.JUnitReportReporter -->
<testsuite hostname="DESKTOP-FVS46NS" name="com.inetbanking.testCases.TC_addCustomerTest_003" tests="1" failures="0" timestamp="18 May 2022 19:02:44 GMT" time="23.177" errors="0">
  <testcase name="addCustomerTestCase" time="23.177" classname="com.inetbanking.testCases.TC_addCustomerTest_003"/>
</testsuite> <!-- com.inetbanking.testCases.TC_addCustomerTest_003 -->
